[2015 Dec 23 Wed 12:12:14 pm] select id from users where user_name = 'harjeeet.singh' and user_hash= '21232f297a57a5a743894a0e4a801fc3'
[2015 Dec 23 Wed 12:12:14 pm] select id from users where user_name = 'harjeeet.singh' and user_hash= '21232f297a57a5a743894a0e4a801fc3'
[2015 Dec 23 Wed 12:12:14 pm] select id from users where user_name = 'harjeet.singh' and user_hash= '21232f297a57a5a743894a0e4a801fc3'
[2015 Dec 23 Wed 12:12:14 pm] select id from users where user_name = 'harjeet.singh' and user_hash= '21232f297a57a5a743894a0e4a801fc3'
[2015 Dec 23 Wed 12:12:16 pm] select id from users where user_name = 'harjeeet.singh' and user_hash= '21232f297a57a5a743894a0e4a801fc3'
[2015 Dec 23 Wed 12:12:16 pm] select id from users where user_name = 'harjeeet.singh' and user_hash= '21232f297a57a5a743894a0e4a801fc3'
[2015 Dec 23 Wed 12:12:17 pm] select id from users where user_name = 'harjeet.singh' and user_hash= '21232f297a57a5a743894a0e4a801fc3'
[2015 Dec 23 Wed 12:12:17 pm] select id from users where user_name = 'harjeet.singh' and user_hash= '21232f297a57a5a743894a0e4a801fc3'
[2015 Dec 23 Wed 12:12:18 pm] select id from users where user_name = 'harjeet.singh' and user_hash= '21232f297a57a5a743894a0e4a801fc3'
[2015 Dec 23 Wed 12:12:18 pm] select id from users where user_name = 'harjeet.singh' and user_hash= '21232f297a57a5a743894a0e4a801fc3'
[2015 Dec 23 Wed 12:12:19 pm] $this->payload
[2015 Dec 23 Wed 12:12:19 pm] stdClass Object
(
    [id] => 5679bb14de20c
    [user_name] => harjeet.singh
    [first_name] => gg11
    [last_name] => nn111
)

[2015 Dec 23 Wed 12:12:19 pm] UPDATE users SET first_name="gg11", last_name="nn111", user_name="harjeet.singh", deleted="0" WHERE id = '5679bb14de20c'
[2015 Dec 23 Wed 12:12:22 pm] select id from users where user_name = 'harjeet.singh' and user_hash= '21232f297a57a5a743894a0e4a801fc3'
[2015 Dec 23 Wed 12:12:22 pm] select id from users where user_name = 'harjeet.singh' and user_hash= '21232f297a57a5a743894a0e4a801fc3'
[2015 Dec 23 Wed 12:12:23 pm] $this->payload
[2015 Dec 23 Wed 12:12:23 pm] stdClass Object
(
    [id] => 5679bb14de20c
    [user_name] => 12
    [first_name] => 12
    [last_name] => 21
    [error] => Expired or Invalid API Token
)

[2015 Dec 23 Wed 12:12:23 pm] UPDATE users SET first_name="12", last_name="21", user_name="12", deleted="0" WHERE id = '5679bb14de20c'
[2015 Dec 23 Wed 12:12:23 pm] $this->payload
[2015 Dec 23 Wed 12:12:23 pm] stdClass Object
(
    [id] => 5679bb14de20c
    [user_name] => 23
    [first_name] => 323
    [last_name] => 23
    [error] => Expired or Invalid API Token
)

[2015 Dec 23 Wed 12:12:23 pm] UPDATE users SET first_name="323", last_name="23", user_name="23", deleted="0" WHERE id = '5679bb14de20c'
[2015 Dec 23 Wed 12:12:24 pm] select id from users where user_name = 'harjeet.singh' and user_hash= '21232f297a57a5a743894a0e4a801fc3'
[2015 Dec 23 Wed 12:12:24 pm] select id from users where user_name = 'harjeet.singh' and user_hash= '21232f297a57a5a743894a0e4a801fc3'
[2015 Dec 23 Wed 12:12:25 pm] select id from users where user_name = '23' and user_hash= '21232f297a57a5a743894a0e4a801fc3'
[2015 Dec 23 Wed 12:12:25 pm] select id from users where user_name = '23' and user_hash= '21232f297a57a5a743894a0e4a801fc3'
[2015 Dec 23 Wed 12:12:27 pm] select id from users where user_name = 'harjeet.singh' and user_hash= '21232f297a57a5a743894a0e4a801fc3'
[2015 Dec 23 Wed 12:12:27 pm] select id from users where user_name = 'harjeet.singh' and user_hash= '21232f297a57a5a743894a0e4a801fc3'
[2015 Dec 23 Wed 12:12:27 pm] INSERT INTO users (id, first_name, last_name, user_name, deleted )  VALUES  ( '567ad97cbd5bf', '2353254', '324535', '345', '0' ) 
[2015 Dec 23 Wed 12:12:27 pm] $this->payload
[2015 Dec 23 Wed 12:12:27 pm] stdClass Object
(
    [user_name] => harjeet.singh
    [first_name] => Harjeet
    [last_name] => Singh
    [id] => 5679bb14de20c
)

[2015 Dec 23 Wed 12:12:27 pm] UPDATE users SET first_name="Harjeet", last_name="Singh", user_name="harjeet.singh", deleted="0" WHERE id = '5679bb14de20c'
[2015 Dec 23 Wed 12:12:29 pm] select id from users where user_name = 'harjeet.singh' and user_hash= '21232f297a57a5a743894a0e4a801fc3'
[2015 Dec 23 Wed 12:12:29 pm] select id from users where user_name = 'harjeet.singh' and user_hash= '21232f297a57a5a743894a0e4a801fc3'
[2015 Dec 23 Wed 12:12:30 pm] select id from users where user_name = 'harjeet.singh' and user_hash= '21232f297a57a5a743894a0e4a801fc3'
[2015 Dec 23 Wed 12:12:30 pm] select id from users where user_name = 'harjeet.singh' and user_hash= '21232f297a57a5a743894a0e4a801fc3'
[2015 Dec 23 Wed 12:12:31 pm] $this->payload
[2015 Dec 23 Wed 12:12:31 pm] stdClass Object
(
    [id] => 567ad97cbd5bf
    [user_name] => 3453232
    [first_name] => 2353254
    [last_name] => 324535
)

[2015 Dec 23 Wed 12:12:31 pm] UPDATE users SET first_name="2353254", last_name="324535", user_name="3453232", deleted="0" WHERE id = '567ad97cbd5bf'
